# JRE version: OpenJDK Runtime Environment (11.0.12+7) (build 11.0.12+7-b1504.28-7817840)
# Java VM: OpenJDK 64-Bit Server VM (11.0.12+7-b1504.28-7817840, mixed mode, tiered, compressed oops, g1 gc, windows-amd64)
Heap:
 garbage-first heap   total 316416K, used 162101K [0x0000000080000000, 0x0000000100000000)
  region size 1024K, 18 young (18432K), 7 survivors (7168K)
 Metaspace       used 120724K, capacity 123827K, committed 124160K, reserved 1157120K
  class space    used 14856K, capacity 15999K, committed 16128K, reserved 1048576K
GC Heap History (20 events):
Event: 1876.368 GC heap before
{Heap before GC invocations=29 (full 0):
 garbage-first heap   total 260096K, used 206548K [0x0000000080000000, 0x0000000100000000)
  region size 1024K, 36 young (36864K), 5 survivors (5120K)
 Metaspace       used 114045K, capacity 117207K, committed 117248K, reserved 1150976K
  class space    used 14223K, capacity 15359K, committed 15360K, reserved 1048576K
}
Event: 1876.374 GC heap after
{Heap after GC invocations=30 (full 0):
 garbage-first heap   total 260096K, used 181178K [0x0000000080000000, 0x0000000100000000)
  region size 1024K, 5 young (5120K), 5 survivors (5120K)
 Metaspace       used 114045K, capacity 117207K, committed 117248K, reserved 1150976K
  class space    used 14223K, capacity 15359K, committed 15360K, reserved 1048576K
}
Event: 1876.408 GC heap before
{Heap before GC invocations=30 (full 0):
 garbage-first heap   total 260096K, used 187322K [0x0000000080000000, 0x0000000100000000)
  region size 1024K, 12 young (12288K), 5 survivors (5120K)
 Metaspace       used 114304K, capacity 117495K, committed 117632K, reserved 1150976K
  class space    used 14245K, capacity 15391K, committed 15488K, reserved 1048576K
}
Event: 1876.417 GC heap after
{Heap after GC invocations=31 (full 0):
 garbage-first heap   total 260096K, used 178848K [0x0000000080000000, 0x0000000100000000)
  region size 1024K, 1 young (1024K), 1 survivors (1024K)
 Metaspace       used 114304K, capacity 117495K, committed 117632K, reserved 1150976K
  class space    used 14245K, capacity 15391K, committed 15488K, reserved 1048576K
}
Event: 1876.580 GC heap before
{Heap before GC invocations=31 (full 0):
 garbage-first heap   total 260096K, used 209568K [0x0000000080000000, 0x0000000100000000)
  region size 1024K, 32 young (32768K), 1 survivors (1024K)
 Metaspace       used 114716K, capacity 117834K, committed 118144K, reserved 1153024K
  class space    used 14262K, capacity 15397K, committed 15488K, reserved 1048576K
}
Event: 1876.584 GC heap after
{Heap after GC invocations=32 (full 0):
 garbage-first heap   total 260096K, used 179995K [0x0000000080000000, 0x0000000100000000)
  region size 1024K, 3 young (3072K), 3 survivors (3072K)
 Metaspace       used 114716K, capacity 117834K, committed 118144K, reserved 1153024K
  class space    used 14262K, capacity 15397K, committed 15488K, reserved 1048576K
}
Event: 1876.820 GC heap before
{Heap before GC invocations=33 (full 0):
 garbage-first heap   total 260096K, used 192283K [0x0000000080000000, 0x0000000100000000)
  region size 1024K, 34 young (34816K), 3 survivors (3072K)
 Metaspace       used 115481K, capacity 118493K, committed 118912K, reserved 1153024K
  class space    used 14303K, capacity 15402K, committed 15488K, reserved 1048576K
}
Event: 1876.826 GC heap after
{Heap after GC invocations=34 (full 0):
 garbage-first heap   total 260096K, used 165488K [0x0000000080000000, 0x0000000100000000)
  region size 1024K, 5 young (5120K), 5 survivors (5120K)
 Metaspace       used 115481K, capacity 118493K, committed 118912K, reserved 1153024K
  class space    used 14303K, capacity 15402K, committed 15488K, reserved 1048576K
}
Event: 1876.850 GC heap before
{Heap before GC invocations=34 (full 0):
 garbage-first heap   total 260096K, used 172656K [0x0000000080000000, 0x0000000100000000)
  region size 1024K, 12 young (12288K), 5 survivors (5120K)
 Metaspace       used 115561K, capacity 118621K, committed 118912K, reserved 1153024K
  class space    used 14314K, capacity 15402K, committed 15488K, reserved 1048576K
}
Event: 1876.857 GC heap after
{Heap after GC invocations=35 (full 0):
 garbage-first heap   total 260096K, used 150065K [0x0000000080000000, 0x0000000100000000)
  region size 1024K, 2 young (2048K), 2 survivors (2048K)
 Metaspace       used 115561K, capacity 118621K, committed 118912K, reserved 1153024K
  class space    used 14314K, capacity 15402K, committed 15488K, reserved 1048576K
}
Event: 1877.096 GC heap before
{Heap before GC invocations=35 (full 0):
 garbage-first heap   total 260096K, used 197169K [0x0000000080000000, 0x0000000100000000)
  region size 1024K, 48 young (49152K), 2 survivors (2048K)
 Metaspace       used 117012K, capacity 120029K, committed 120448K, reserved 1155072K
  class space    used 14488K, capacity 15594K, committed 15744K, reserved 1048576K
}
Event: 1877.102 GC heap after
{Heap after GC invocations=36 (full 0):
 garbage-first heap   total 260096K, used 153028K [0x0000000080000000, 0x0000000100000000)
  region size 1024K, 5 young (5120K), 5 survivors (5120K)
 Metaspace       used 117012K, capacity 120029K, committed 120448K, reserved 1155072K
  class space    used 14488K, capacity 15594K, committed 15744K, reserved 1048576K
}
Event: 1877.547 GC heap before
{Heap before GC invocations=37 (full 0):
 garbage-first heap   total 260096K, used 199108K [0x0000000080000000, 0x0000000100000000)
  region size 1024K, 52 young (53248K), 5 survivors (5120K)
 Metaspace       used 119310K, capacity 122411K, committed 122752K, reserved 1157120K
  class space    used 14761K, capacity 15853K, committed 16000K, reserved 1048576K
}
Event: 1877.555 GC heap after
{Heap after GC invocations=38 (full 0):
 garbage-first heap   total 260096K, used 154852K [0x0000000080000000, 0x0000000100000000)
  region size 1024K, 7 young (7168K), 7 survivors (7168K)
 Metaspace       used 119310K, capacity 122411K, committed 122752K, reserved 1157120K
  class space    used 14761K, capacity 15853K, committed 16000K, reserved 1048576K
}
Event: 1877.597 GC heap before
{Heap before GC invocations=38 (full 0):
 garbage-first heap   total 260096K, used 158948K [0x0000000080000000, 0x0000000100000000)
  region size 1024K, 12 young (12288K), 7 survivors (7168K)
 Metaspace       used 119311K, capacity 122411K, committed 122752K, reserved 1157120K
  class space    used 14761K, capacity 15853K, committed 16000K, reserved 1048576K
}
Event: 1877.605 GC heap after
{Heap after GC invocations=39 (full 0):
 garbage-first heap   total 316416K, used 144140K [0x0000000080000000, 0x0000000100000000)
  region size 1024K, 1 young (1024K), 1 survivors (1024K)
 Metaspace       used 119311K, capacity 122411K, committed 122752K, reserved 1157120K
  class space    used 14761K, capacity 15853K, committed 16000K, reserved 1048576K
}
Event: 1878.186 GC heap before
{Heap before GC invocations=39 (full 0):
 garbage-first heap   total 316416K, used 225036K [0x0000000080000000, 0x0000000100000000)
  region size 1024K, 80 young (81920K), 1 survivors (1024K)
 Metaspace       used 120213K, capacity 123373K, committed 123648K, reserved 1157120K
  class space    used 14811K, capacity 15962K, committed 16128K, reserved 1048576K
}
Event: 1878.191 GC heap after
{Heap after GC invocations=40 (full 0):
 garbage-first heap   total 316416K, used 147431K [0x0000000080000000, 0x0000000100000000)
  region size 1024K, 5 young (5120K), 5 survivors (5120K)
 Metaspace       used 120213K, capacity 123373K, committed 123648K, reserved 1157120K
  class space    used 14811K, capacity 15962K, committed 16128K, reserved 1048576K
}
Event: 1878.415 GC heap before
{Heap before GC invocations=40 (full 0):
 garbage-first heap   total 316416K, used 232423K [0x0000000080000000, 0x0000000100000000)
  region size 1024K, 87 young (89088K), 5 survivors (5120K)
 Metaspace       used 120699K, capacity 123811K, committed 124160K, reserved 1157120K
  class space    used 14854K, capacity 15996K, committed 16128K, reserved 1048576K
}
Event: 1878.418 GC heap after
{Heap after GC invocations=41 (full 0):
 garbage-first heap   total 316416K, used 149813K [0x0000000080000000, 0x0000000100000000)
  region size 1024K, 7 young (7168K), 7 survivors (7168K)
 Metaspace       used 120699K, capacity 123811K, committed 124160K, reserved 1157120K
  class space    used 14854K, capacity 15996K, committed 16128K, reserved 1048576K
}

